2025-09-13 18:14:00,714 - homework_reviewer - INFO - main.py:26 - Starting AI Homework Reviewer application...
2025-09-13 18:14:00,715 - homework_reviewer - INFO - main.py:36 - Services initialized successfully
2025-09-13 18:15:21,656 - homework_reviewer - INFO - review.py:57 - Starting review for student Ivanov, lecture 1
2025-09-13 18:15:21,659 - homework_reviewer - ERROR - main.py:156 - Unhandled exception: Object of type datetime is not JSON serializable
2025-09-13 18:16:24,567 - homework_reviewer - INFO - main.py:43 - Shutting down AI Homework Reviewer application...
2025-09-13 18:16:26,131 - homework_reviewer - INFO - main.py:26 - Starting AI Homework Reviewer application...
2025-09-13 18:16:26,137 - homework_reviewer - INFO - main.py:36 - Services initialized successfully
2025-09-13 18:16:28,750 - homework_reviewer - INFO - main.py:43 - Shutting down AI Homework Reviewer application...
2025-09-13 18:16:30,464 - homework_reviewer - INFO - main.py:26 - Starting AI Homework Reviewer application...
2025-09-13 18:16:30,465 - homework_reviewer - INFO - main.py:36 - Services initialized successfully
2025-09-13 18:16:41,178 - homework_reviewer - INFO - main.py:43 - Shutting down AI Homework Reviewer application...
2025-09-13 18:16:42,707 - homework_reviewer - INFO - main.py:26 - Starting AI Homework Reviewer application...
2025-09-13 18:16:42,708 - homework_reviewer - INFO - main.py:36 - Services initialized successfully
2025-09-13 18:16:46,262 - homework_reviewer - INFO - main.py:43 - Shutting down AI Homework Reviewer application...
2025-09-13 18:16:47,863 - homework_reviewer - INFO - main.py:26 - Starting AI Homework Reviewer application...
2025-09-13 18:16:47,864 - homework_reviewer - INFO - main.py:36 - Services initialized successfully
2025-09-13 18:16:49,365 - homework_reviewer - INFO - main.py:26 - Starting AI Homework Reviewer application...
2025-09-13 18:16:49,365 - homework_reviewer - INFO - main.py:36 - Services initialized successfully
2025-09-13 18:18:26,819 - homework_reviewer - INFO - main.py:43 - Shutting down AI Homework Reviewer application...
2025-09-13 18:18:33,246 - homework_reviewer - INFO - main.py:26 - Starting AI Homework Reviewer application...
2025-09-13 18:18:33,246 - homework_reviewer - INFO - main.py:36 - Services initialized successfully
2025-09-13 18:18:41,734 - homework_reviewer - INFO - review.py:57 - Starting review for student Ivanov, lecture 1
2025-09-13 18:18:41,737 - homework_reviewer - INFO - simple_review_agent.py:38 - Starting review for student Ivanov, lecture 1
2025-09-13 18:18:41,748 - homework_reviewer - ERROR - simple_review_agent.py:145 - Error in simple review: 1 validation error for TaskReview
code_style
  Input should be a valid integer, got a number with a fractional part [type=int_from_float, input_value=94.64285714285714, input_type=float]
    For further information visit https://errors.pydantic.dev/2.11/v/int_from_float
2025-09-13 18:18:41,760 - homework_reviewer - ERROR - simple_review_agent.py:145 - Error in simple review: 1 validation error for TaskReview
code_style
  Input should be a valid integer, got a number with a fractional part [type=int_from_float, input_value=95.1219512195122, input_type=float]
    For further information visit https://errors.pydantic.dev/2.11/v/int_from_float
2025-09-13 18:18:41,837 - homework_reviewer - INFO - excel.py:178 - Updated Excel file for lecture 1: results\lecture_1_reviews.xlsx
2025-09-13 18:18:41,838 - homework_reviewer - INFO - simple_review_agent.py:91 - Completed review for Ivanov
2025-09-13 18:18:41,839 - homework_reviewer - INFO - review.py:82 - Completed review for Ivanov in 0.10s
2025-09-13 18:19:38,701 - homework_reviewer - INFO - main.py:43 - Shutting down AI Homework Reviewer application...
2025-09-13 18:19:40,230 - homework_reviewer - INFO - main.py:26 - Starting AI Homework Reviewer application...
2025-09-13 18:19:40,230 - homework_reviewer - INFO - main.py:36 - Services initialized successfully
2025-09-13 18:19:41,982 - homework_reviewer - INFO - main.py:43 - Shutting down AI Homework Reviewer application...
2025-09-13 18:19:43,534 - homework_reviewer - INFO - main.py:26 - Starting AI Homework Reviewer application...
2025-09-13 18:19:43,535 - homework_reviewer - INFO - main.py:36 - Services initialized successfully
2025-09-13 18:20:03,229 - homework_reviewer - INFO - review.py:57 - Starting review for student Ivanov, lecture 1
2025-09-13 18:20:03,235 - homework_reviewer - INFO - simple_review_agent.py:38 - Starting review for student Ivanov, lecture 1
2025-09-13 18:20:03,450 - homework_reviewer - INFO - excel.py:178 - Updated Excel file for lecture 1: results\lecture_1_reviews.xlsx
2025-09-13 18:20:03,452 - homework_reviewer - INFO - simple_review_agent.py:91 - Completed review for Ivanov
2025-09-13 18:20:03,457 - homework_reviewer - INFO - review.py:82 - Completed review for Ivanov in 0.22s
2025-09-13 18:23:18,254 - homework_reviewer - INFO - main.py:43 - Shutting down AI Homework Reviewer application...
2025-09-14 12:30:34,709 - homework_reviewer - INFO - main.py:26 - Starting AI Homework Reviewer application...
2025-09-14 12:30:34,709 - homework_reviewer - INFO - main.py:36 - Services initialized successfully
2025-09-14 12:30:41,258 - homework_reviewer - ERROR - review.py:40 - Health check failed: 1 validation error for HealthResponse
timestamp
  Input should be a valid string [type=string_type, input_value=datetime.datetime(2025, 9, 14, 12, 30, 41, 257897), input_type=datetime]
    For further information visit https://errors.pydantic.dev/2.11/v/string_type
2025-09-14 12:30:41,258 - homework_reviewer - ERROR - main.py:156 - Unhandled exception: 1 validation error for ErrorResponse
timestamp
  Input should be a valid string [type=string_type, input_value=datetime.datetime(2025, 9, 14, 12, 30, 41, 258840), input_type=datetime]
    For further information visit https://errors.pydantic.dev/2.11/v/string_type
2025-09-14 12:31:36,914 - homework_reviewer - ERROR - review.py:40 - Health check failed: 1 validation error for HealthResponse
timestamp
  Input should be a valid string [type=string_type, input_value=datetime.datetime(2025, 9, 14, 12, 31, 36, 914212), input_type=datetime]
    For further information visit https://errors.pydantic.dev/2.11/v/string_type
2025-09-14 12:31:36,914 - homework_reviewer - ERROR - main.py:156 - Unhandled exception: 1 validation error for ErrorResponse
timestamp
  Input should be a valid string [type=string_type, input_value=datetime.datetime(2025, 9, 14, 12, 31, 36, 914875), input_type=datetime]
    For further information visit https://errors.pydantic.dev/2.11/v/string_type
2025-09-14 12:33:29,731 - homework_reviewer - INFO - main.py:43 - Shutting down AI Homework Reviewer application...
2025-09-14 12:33:31,144 - homework_reviewer - INFO - main.py:26 - Starting AI Homework Reviewer application...
2025-09-14 12:33:31,144 - homework_reviewer - INFO - main.py:36 - Services initialized successfully
2025-09-14 12:33:34,946 - homework_reviewer - ERROR - review.py:40 - Health check failed: 1 validation error for HealthResponse
timestamp
  Input should be a valid string [type=string_type, input_value=datetime.datetime(2025, 9, 14, 12, 33, 34, 946067), input_type=datetime]
    For further information visit https://errors.pydantic.dev/2.11/v/string_type
2025-09-14 12:35:55,326 - homework_reviewer - INFO - main.py:43 - Shutting down AI Homework Reviewer application...
2025-09-14 12:35:56,805 - homework_reviewer - INFO - main.py:26 - Starting AI Homework Reviewer application...
2025-09-14 12:35:56,806 - homework_reviewer - INFO - main.py:36 - Services initialized successfully
2025-09-14 12:37:57,172 - homework_reviewer - ERROR - review.py:40 - Health check failed: 1 validation error for HealthResponse
timestamp
  Input should be a valid string [type=string_type, input_value=datetime.datetime(2025, 9, 14, 12, 37, 57, 172811), input_type=datetime]
    For further information visit https://errors.pydantic.dev/2.11/v/string_type
2025-09-14 12:37:57,173 - homework_reviewer - ERROR - main.py:156 - Unhandled exception: 1 validation error for ErrorResponse
timestamp
  Input should be a valid string [type=string_type, input_value=datetime.datetime(2025, 9, 14, 12, 37, 57, 173684), input_type=datetime]
    For further information visit https://errors.pydantic.dev/2.11/v/string_type
2025-09-14 12:39:54,046 - homework_reviewer - INFO - main.py:43 - Shutting down AI Homework Reviewer application...
2025-09-14 12:39:56,086 - homework_reviewer - INFO - main.py:26 - Starting AI Homework Reviewer application...
2025-09-14 12:39:56,087 - homework_reviewer - INFO - main.py:36 - Services initialized successfully
2025-09-14 12:39:57,817 - homework_reviewer - INFO - main.py:26 - Starting AI Homework Reviewer application...
2025-09-14 12:39:57,818 - homework_reviewer - INFO - main.py:36 - Services initialized successfully
2025-09-14 12:39:59,815 - homework_reviewer - INFO - main.py:26 - Starting AI Homework Reviewer application...
2025-09-14 12:39:59,815 - homework_reviewer - INFO - main.py:36 - Services initialized successfully
2025-09-14 12:40:00,342 - homework_reviewer - INFO - main.py:43 - Shutting down AI Homework Reviewer application...
2025-09-14 12:40:02,094 - homework_reviewer - INFO - main.py:26 - Starting AI Homework Reviewer application...
2025-09-14 12:40:02,094 - homework_reviewer - INFO - main.py:36 - Services initialized successfully
2025-09-14 12:40:15,083 - homework_reviewer - INFO - main.py:43 - Shutting down AI Homework Reviewer application...
2025-09-14 12:40:16,708 - homework_reviewer - INFO - main.py:26 - Starting AI Homework Reviewer application...
2025-09-14 12:40:16,708 - homework_reviewer - INFO - main.py:36 - Services initialized successfully
2025-09-14 12:40:53,634 - homework_reviewer - INFO - main.py:43 - Shutting down AI Homework Reviewer application...
2025-09-14 12:40:55,250 - homework_reviewer - INFO - main.py:26 - Starting AI Homework Reviewer application...
2025-09-14 12:40:55,251 - homework_reviewer - INFO - main.py:36 - Services initialized successfully
2025-09-14 12:43:04,787 - homework_reviewer - INFO - review.py:56 - Starting review for student Petrov, lecture 1
2025-09-14 12:43:04,788 - homework_reviewer - INFO - simple_review_agent.py:38 - Starting review for student Petrov, lecture 1
2025-09-14 12:43:05,086 - homework_reviewer - INFO - excel.py:178 - Updated Excel file for lecture 1: results\lecture_1_reviews.xlsx
2025-09-14 12:43:05,088 - homework_reviewer - INFO - simple_review_agent.py:91 - Completed review for Petrov
2025-09-14 12:43:05,091 - homework_reviewer - INFO - review.py:81 - Completed review for Petrov in 0.30s
2025-09-14 12:43:19,811 - homework_reviewer - INFO - review.py:56 - Starting review for student Petrov, lecture 2
2025-09-14 12:43:19,817 - homework_reviewer - INFO - simple_review_agent.py:38 - Starting review for student Petrov, lecture 2
2025-09-14 12:43:19,980 - homework_reviewer - INFO - excel.py:178 - Updated Excel file for lecture 2: results\lecture_2_reviews.xlsx
2025-09-14 12:43:19,981 - homework_reviewer - INFO - simple_review_agent.py:91 - Completed review for Petrov
2025-09-14 12:43:19,982 - homework_reviewer - INFO - review.py:81 - Completed review for Petrov in 0.16s
2025-09-14 12:44:21,590 - homework_reviewer - INFO - review.py:104 - Starting lecture review for lecture 1
2025-09-14 12:44:21,591 - homework_reviewer - INFO - simple_review_agent.py:219 - Starting lecture review for lecture 1
2025-09-14 12:44:21,592 - homework_reviewer - INFO - simple_review_agent.py:38 - Starting review for student Petrov, lecture 1
2025-09-14 12:44:21,753 - homework_reviewer - INFO - excel.py:178 - Updated Excel file for lecture 1: results\lecture_1_reviews.xlsx
2025-09-14 12:44:21,756 - homework_reviewer - INFO - simple_review_agent.py:91 - Completed review for Petrov
2025-09-14 12:44:21,758 - homework_reviewer - INFO - simple_review_agent.py:243 - Reviewed student Petrov
2025-09-14 12:44:21,760 - homework_reviewer - ERROR - review.py:170 - Error reviewing lecture 1: 'ReviewResponse' object has no attribute 'get'
2025-09-14 12:45:16,484 - homework_reviewer - INFO - main.py:43 - Shutting down AI Homework Reviewer application...
2025-09-14 12:45:18,291 - homework_reviewer - INFO - main.py:26 - Starting AI Homework Reviewer application...
2025-09-14 12:45:18,294 - homework_reviewer - INFO - main.py:36 - Services initialized successfully
2025-09-14 12:45:20,255 - homework_reviewer - INFO - main.py:43 - Shutting down AI Homework Reviewer application...
2025-09-14 12:45:21,908 - homework_reviewer - INFO - main.py:26 - Starting AI Homework Reviewer application...
2025-09-14 12:45:21,908 - homework_reviewer - INFO - main.py:36 - Services initialized successfully
2025-09-14 12:45:44,481 - homework_reviewer - INFO - main.py:43 - Shutting down AI Homework Reviewer application...
2025-09-14 12:45:46,295 - homework_reviewer - INFO - main.py:26 - Starting AI Homework Reviewer application...
2025-09-14 12:45:46,296 - homework_reviewer - INFO - main.py:36 - Services initialized successfully
2025-09-14 12:45:49,020 - homework_reviewer - INFO - review.py:104 - Starting lecture review for lecture 1
2025-09-14 12:45:49,022 - homework_reviewer - INFO - simple_review_agent.py:219 - Starting lecture review for lecture 1
2025-09-14 12:45:49,023 - homework_reviewer - INFO - simple_review_agent.py:38 - Starting review for student Petrov, lecture 1
2025-09-14 12:45:49,080 - homework_reviewer - INFO - excel.py:178 - Updated Excel file for lecture 1: results\lecture_1_reviews.xlsx
2025-09-14 12:45:49,081 - homework_reviewer - INFO - simple_review_agent.py:91 - Completed review for Petrov
2025-09-14 12:45:49,081 - homework_reviewer - INFO - simple_review_agent.py:243 - Reviewed student Petrov
2025-09-14 12:45:49,082 - homework_reviewer - INFO - review.py:164 - Completed lecture review for lecture 1
2025-09-14 12:48:22,052 - homework_reviewer - INFO - main.py:43 - Shutting down AI Homework Reviewer application...
2025-09-14 12:48:23,690 - homework_reviewer - INFO - main.py:26 - Starting AI Homework Reviewer application...
2025-09-14 12:48:23,690 - homework_reviewer - INFO - main.py:36 - Services initialized successfully
2025-09-14 12:48:24,955 - homework_reviewer - INFO - main.py:43 - Shutting down AI Homework Reviewer application...
2025-09-14 12:48:26,632 - homework_reviewer - INFO - main.py:26 - Starting AI Homework Reviewer application...
2025-09-14 12:48:26,633 - homework_reviewer - INFO - main.py:36 - Services initialized successfully
2025-09-14 12:48:28,087 - homework_reviewer - INFO - main.py:43 - Shutting down AI Homework Reviewer application...
2025-09-14 12:48:29,811 - homework_reviewer - INFO - main.py:26 - Starting AI Homework Reviewer application...
2025-09-14 12:48:29,814 - homework_reviewer - INFO - main.py:36 - Services initialized successfully
2025-09-14 12:48:31,165 - homework_reviewer - INFO - main.py:43 - Shutting down AI Homework Reviewer application...
2025-09-14 12:48:32,668 - homework_reviewer - INFO - main.py:26 - Starting AI Homework Reviewer application...
2025-09-14 12:48:32,669 - homework_reviewer - INFO - main.py:36 - Services initialized successfully
2025-09-14 12:50:41,074 - homework_reviewer - INFO - main.py:43 - Shutting down AI Homework Reviewer application...
2025-09-14 12:50:42,898 - homework_reviewer - INFO - main.py:26 - Starting AI Homework Reviewer application...
2025-09-14 12:50:42,899 - homework_reviewer - INFO - main.py:36 - Services initialized successfully
2025-09-14 12:50:45,420 - homework_reviewer - INFO - main.py:43 - Shutting down AI Homework Reviewer application...
2025-09-14 12:50:47,381 - homework_reviewer - INFO - main.py:26 - Starting AI Homework Reviewer application...
2025-09-14 12:50:47,381 - homework_reviewer - INFO - main.py:36 - Services initialized successfully
2025-09-14 12:50:50,386 - homework_reviewer - INFO - main.py:43 - Shutting down AI Homework Reviewer application...
2025-09-14 12:50:52,125 - homework_reviewer - INFO - main.py:26 - Starting AI Homework Reviewer application...
2025-09-14 12:50:52,126 - homework_reviewer - INFO - main.py:36 - Services initialized successfully
2025-09-14 12:50:56,167 - homework_reviewer - INFO - main.py:43 - Shutting down AI Homework Reviewer application...
2025-09-14 12:50:57,659 - homework_reviewer - INFO - main.py:26 - Starting AI Homework Reviewer application...
2025-09-14 12:50:57,660 - homework_reviewer - INFO - main.py:36 - Services initialized successfully
2025-09-14 12:51:06,899 - homework_reviewer - INFO - main.py:43 - Shutting down AI Homework Reviewer application...
2025-09-14 12:51:08,585 - homework_reviewer - INFO - main.py:26 - Starting AI Homework Reviewer application...
2025-09-14 12:51:08,585 - homework_reviewer - INFO - main.py:36 - Services initialized successfully
2025-09-14 12:54:08,565 - homework_reviewer - INFO - main.py:43 - Shutting down AI Homework Reviewer application...
2025-09-14 12:54:10,360 - homework_reviewer - INFO - main.py:26 - Starting AI Homework Reviewer application...
2025-09-14 12:54:10,361 - homework_reviewer - INFO - main.py:36 - Services initialized successfully
2025-09-14 12:55:58,246 - homework_reviewer - INFO - main.py:43 - Shutting down AI Homework Reviewer application...
2025-09-14 12:55:59,834 - homework_reviewer - INFO - main.py:26 - Starting AI Homework Reviewer application...
2025-09-14 12:55:59,835 - homework_reviewer - INFO - main.py:36 - Services initialized successfully
2025-09-14 12:56:00,752 - homework_reviewer - INFO - main.py:43 - Shutting down AI Homework Reviewer application...
2025-09-14 12:56:02,647 - homework_reviewer - INFO - main.py:26 - Starting AI Homework Reviewer application...
2025-09-14 12:56:02,649 - homework_reviewer - INFO - main.py:36 - Services initialized successfully
2025-09-14 12:56:04,292 - homework_reviewer - INFO - main.py:26 - Starting AI Homework Reviewer application...
2025-09-14 12:56:04,293 - homework_reviewer - INFO - main.py:36 - Services initialized successfully
2025-09-14 12:56:25,021 - homework_reviewer - INFO - excel.py:198 - Before cleanup: 10 entries
2025-09-14 12:56:25,044 - homework_reviewer - INFO - excel.py:212 - After cleanup: 4 entries
2025-09-14 12:56:25,098 - homework_reviewer - INFO - excel.py:226 - Removed duplicate entries from Excel file for lecture 1
2025-09-14 12:57:20,607 - homework_reviewer - INFO - main.py:43 - Shutting down AI Homework Reviewer application...
2025-09-14 12:57:22,656 - homework_reviewer - INFO - main.py:26 - Starting AI Homework Reviewer application...
2025-09-14 12:57:22,660 - homework_reviewer - INFO - main.py:36 - Services initialized successfully
2025-09-14 12:57:24,617 - homework_reviewer - INFO - main.py:26 - Starting AI Homework Reviewer application...
2025-09-14 12:57:24,617 - homework_reviewer - INFO - main.py:36 - Services initialized successfully
2025-09-14 12:57:26,175 - homework_reviewer - INFO - main.py:26 - Starting AI Homework Reviewer application...
2025-09-14 12:57:26,175 - homework_reviewer - INFO - main.py:36 - Services initialized successfully
2025-09-14 12:57:32,895 - homework_reviewer - INFO - main.py:43 - Shutting down AI Homework Reviewer application...
2025-09-14 12:57:34,653 - homework_reviewer - INFO - main.py:26 - Starting AI Homework Reviewer application...
2025-09-14 12:57:34,656 - homework_reviewer - INFO - main.py:36 - Services initialized successfully
2025-09-14 12:57:57,943 - homework_reviewer - ERROR - main.py:156 - Unhandled exception: [TypeError("'numpy.int64' object is not iterable"), TypeError('vars() argument must have __dict__ attribute')]
2025-09-14 12:57:59,757 - homework_reviewer - ERROR - main.py:156 - Unhandled exception: [TypeError("'numpy.int64' object is not iterable"), TypeError('vars() argument must have __dict__ attribute')]
2025-09-14 13:04:41,655 - homework_reviewer - INFO - main.py:43 - Shutting down AI Homework Reviewer application...
2025-09-14 13:04:43,110 - homework_reviewer - INFO - main.py:26 - Starting AI Homework Reviewer application...
2025-09-14 13:04:43,110 - homework_reviewer - INFO - main.py:36 - Services initialized successfully
2025-09-14 13:11:28,151 - homework_reviewer - INFO - main.py:43 - Shutting down AI Homework Reviewer application...
